0 info it worked if it ends with ok
1 verbose cli [ 'C:\\Program Files\\nodejs\\node.exe',
1 verbose cli   'C:\\Program Files\\nodejs\\node_modules\\npm\\bin\\npm-cli.js',
1 verbose cli   'test' ]
2 info using npm@3.10.10
3 info using node@v6.11.2
4 verbose run-script [ 'pretest', 'test', 'posttest' ]
5 info lifecycle playingcards@0.0.1~pretest: playingcards@0.0.1
6 silly lifecycle playingcards@0.0.1~pretest: no script for pretest, continuing
7 info lifecycle playingcards@0.0.1~test: playingcards@0.0.1
8 verbose lifecycle playingcards@0.0.1~test: unsafe-perm in lifecycle true
9 verbose lifecycle playingcards@0.0.1~test: PATH: C:\Program Files\nodejs\node_modules\npm\bin\node-gyp-bin;C:\Users\phillip\OneDrive\DEV\Sandbox\Cards\node_modules\.bin;C:\WINDOWS\system32;C:\WINDOWS;C:\WINDOWS\System32\Wbem;C:\WINDOWS\System32\WindowsPowerShell\v1.0\;C:\Program Files\nodejs\;C:\Users\phillip\AppData\Local\Microsoft\WindowsApps;;C:\Users\phillip\AppData\Roaming\npm;C:\Program Files\Microsoft VS Code\bin
10 verbose lifecycle playingcards@0.0.1~test: CWD: C:\Users\phillip\OneDrive\DEV\Sandbox\Cards
11 silly lifecycle playingcards@0.0.1~test: Args: [ '/d /s /c', 'mocha -w' ]
12 silly lifecycle playingcards@0.0.1~test: Returned: code: 3221225786  signal: null
13 info lifecycle playingcards@0.0.1~test: Failed to exec test script
14 error Test failed.  See above for more details.
15 verbose exit [ 1, true ]
16 verbose stack Error: kill ENOSYS
16 verbose stack     at exports._errnoException (util.js:1020:11)
16 verbose stack     at process.kill (internal/process.js:190:13)
16 verbose stack     at process.listener (C:\Program Files\nodejs\node_modules\npm\node_modules\npmlog\node_modules\gauge\node_modules\signal-exit\index.js:86:15)
16 verbose stack     at emitNone (events.js:91:20)
16 verbose stack     at process.emit (events.js:185:7)
16 verbose stack     at processEmit (C:\Program Files\nodejs\node_modules\npm\node_modules\npmlog\node_modules\gauge\node_modules\signal-exit\index.js:146:32)
16 verbose stack     at processEmit (C:\Program Files\nodejs\node_modules\npm\node_modules\npm-registry-client\node_modules\npmlog\node_modules\gauge\node_modules\signal-exit\index.js:146:32)
16 verbose stack     at Signal.wrap.onsignal (internal/process.js:217:44)
17 verbose cwd C:\Users\phillip\OneDrive\DEV\Sandbox\Cards
18 error Windows_NT 10.0.16299
19 error argv "C:\\Program Files\\nodejs\\node.exe" "C:\\Program Files\\nodejs\\node_modules\\npm\\bin\\npm-cli.js" "test"
20 error node v6.11.2
21 error npm  v3.10.10
22 error code ENOSYS
23 error errno ENOSYS
24 error syscall kill
25 error kill ENOSYS
26 error If you need help, you may report this error at:
26 error     <https://github.com/npm/npm/issues>
27 verbose exit [ 1, true ]
